F:\编程\VS2010程序设计\15-16学期下\专业课\源代码\4.22DB2\4.22DB2\DEBUG\4.22DB2.EXE.EMBED.MANIFEST
F:\编程\VS2010程序设计\15-16学期下\专业课\源代码\4.22DB2\4.22DB2\DEBUG\4.22DB2.EXE.EMBED.MANIFEST.RES
F:\编程\vs2010程序设计\15-16学期下\专业课\源代码\4.22DB2\4.22DB2\Debug\4.22DB2.exe.intermediate.manifest
F:\编程\VS2010程序设计\15-16学期下\专业课\源代码\4.22DB2\4.22DB2\DEBUG\4.22DB2.OBJ
F:\编程\VS2010程序设计\15-16学期下\专业课\源代码\4.22DB2\4.22DB2\DEBUG\4.22DB2.PCH
F:\编程\vs2010程序设计\15-16学期下\专业课\源代码\4.22DB2\4.22DB2\Debug\4.22DB2_manifest.rc
F:\编程\vs2010程序设计\15-16学期下\专业课\源代码\4.22DB2\4.22DB2\Debug\cl.command.1.tlog
F:\编程\vs2010程序设计\15-16学期下\专业课\源代码\4.22DB2\4.22DB2\Debug\CL.read.1.tlog
F:\编程\vs2010程序设计\15-16学期下\专业课\源代码\4.22DB2\4.22DB2\Debug\CL.write.1.tlog
F:\编程\vs2010程序设计\15-16学期下\专业课\源代码\4.22DB2\4.22DB2\Debug\link.3140.read.1.tlog
F:\编程\vs2010程序设计\15-16学期下\专业课\源代码\4.22DB2\4.22DB2\Debug\link.3140.write.1.tlog
F:\编程\vs2010程序设计\15-16学期下\专业课\源代码\4.22DB2\4.22DB2\Debug\link.3140-cvtres.read.1.tlog
F:\编程\vs2010程序设计\15-16学期下\专业课\源代码\4.22DB2\4.22DB2\Debug\link.3140-cvtres.write.1.tlog
F:\编程\vs2010程序设计\15-16学期下\专业课\源代码\4.22DB2\4.22DB2\Debug\link.command.1.tlog
F:\编程\vs2010程序设计\15-16学期下\专业课\源代码\4.22DB2\4.22DB2\Debug\link.read.1.tlog
F:\编程\vs2010程序设计\15-16学期下\专业课\源代码\4.22DB2\4.22DB2\Debug\link.write.1.tlog
F:\编程\vs2010程序设计\15-16学期下\专业课\源代码\4.22DB2\4.22DB2\Debug\link-cvtres.read.1.tlog
F:\编程\vs2010程序设计\15-16学期下\专业课\源代码\4.22DB2\4.22DB2\Debug\link-cvtres.write.1.tlog
F:\编程\vs2010程序设计\15-16学期下\专业课\源代码\4.22DB2\4.22DB2\Debug\mt.command.1.tlog
F:\编程\vs2010程序设计\15-16学期下\专业课\源代码\4.22DB2\4.22DB2\Debug\mt.read.1.tlog
F:\编程\vs2010程序设计\15-16学期下\专业课\源代码\4.22DB2\4.22DB2\Debug\mt.write.1.tlog
F:\编程\vs2010程序设计\15-16学期下\专业课\源代码\4.22DB2\4.22DB2\Debug\rc.command.1.tlog
F:\编程\vs2010程序设计\15-16学期下\专业课\源代码\4.22DB2\4.22DB2\Debug\rc.read.1.tlog
F:\编程\vs2010程序设计\15-16学期下\专业课\源代码\4.22DB2\4.22DB2\Debug\rc.write.1.tlog
F:\编程\VS2010程序设计\15-16学期下\专业课\源代码\4.22DB2\4.22DB2\DEBUG\STDAFX.OBJ
F:\编程\vs2010程序设计\15-16学期下\专业课\源代码\4.22DB2\4.22DB2\Debug\vc100.idb
F:\编程\VS2010程序设计\15-16学期下\专业课\源代码\4.22DB2\4.22DB2\DEBUG\VC100.PDB
F:\编程\vs2010程序设计\15-16学期下\专业课\源代码\4.22DB2\Debug\4.22DB2.exe
F:\编程\vs2010程序设计\15-16学期下\专业课\源代码\4.22DB2\Debug\4.22DB2.ilk
F:\编程\vs2010程序设计\15-16学期下\专业课\源代码\4.22DB2\Debug\4.22DB2.pdb
