F:\VS2010程序设计\15-16学期下\专业课\源代码\MY_RSA\DEBUG\MY_RSA.EXE
F:\VS2010程序设计\15-16学期下\专业课\源代码\MY_RSA\DEBUG\MY_RSA.ILK
F:\VS2010程序设计\15-16学期下\专业课\源代码\MY_RSA\DEBUG\MY_RSA.PDB
F:\vs2010程序设计\15-16学期下\专业课\源代码\My_RSA\My_RSA\Debug\cl.command.1.tlog
F:\vs2010程序设计\15-16学期下\专业课\源代码\My_RSA\My_RSA\Debug\CL.read.1.tlog
F:\vs2010程序设计\15-16学期下\专业课\源代码\My_RSA\My_RSA\Debug\CL.write.1.tlog
F:\vs2010程序设计\15-16学期下\专业课\源代码\My_RSA\My_RSA\Debug\link.6068.read.1.tlog
F:\vs2010程序设计\15-16学期下\专业课\源代码\My_RSA\My_RSA\Debug\link.6068.write.1.tlog
F:\vs2010程序设计\15-16学期下\专业课\源代码\My_RSA\My_RSA\Debug\link.6068-cvtres.read.1.tlog
F:\vs2010程序设计\15-16学期下\专业课\源代码\My_RSA\My_RSA\Debug\link.6068-cvtres.write.1.tlog
F:\vs2010程序设计\15-16学期下\专业课\源代码\My_RSA\My_RSA\Debug\link.command.1.tlog
F:\vs2010程序设计\15-16学期下\专业课\源代码\My_RSA\My_RSA\Debug\link.read.1.tlog
F:\vs2010程序设计\15-16学期下\专业课\源代码\My_RSA\My_RSA\Debug\link.write.1.tlog
F:\vs2010程序设计\15-16学期下\专业课\源代码\My_RSA\My_RSA\Debug\link-cvtres.read.1.tlog
F:\vs2010程序设计\15-16学期下\专业课\源代码\My_RSA\My_RSA\Debug\link-cvtres.write.1.tlog
F:\vs2010程序设计\15-16学期下\专业课\源代码\My_RSA\My_RSA\Debug\mt.command.1.tlog
F:\vs2010程序设计\15-16学期下\专业课\源代码\My_RSA\My_RSA\Debug\mt.read.1.tlog
F:\vs2010程序设计\15-16学期下\专业课\源代码\My_RSA\My_RSA\Debug\mt.write.1.tlog
F:\VS2010程序设计\15-16学期下\专业课\源代码\MY_RSA\MY_RSA\DEBUG\MY_RSA.EXE.EMBED.MANIFEST
F:\VS2010程序设计\15-16学期下\专业课\源代码\MY_RSA\MY_RSA\DEBUG\MY_RSA.EXE.EMBED.MANIFEST.RES
F:\VS2010程序设计\15-16学期下\专业课\源代码\MY_RSA\MY_RSA\DEBUG\MY_RSA.EXE.INTERMEDIATE.MANIFEST
F:\VS2010程序设计\15-16学期下\专业课\源代码\MY_RSA\MY_RSA\DEBUG\MY_RSA.OBJ
F:\VS2010程序设计\15-16学期下\专业课\源代码\MY_RSA\MY_RSA\DEBUG\MY_RSA.PCH
F:\vs2010程序设计\15-16学期下\专业课\源代码\My_RSA\My_RSA\Debug\My_RSA_manifest.rc
F:\vs2010程序设计\15-16学期下\专业课\源代码\My_RSA\My_RSA\Debug\rc.command.1.tlog
F:\vs2010程序设计\15-16学期下\专业课\源代码\My_RSA\My_RSA\Debug\rc.read.1.tlog
F:\vs2010程序设计\15-16学期下\专业课\源代码\My_RSA\My_RSA\Debug\rc.write.1.tlog
F:\VS2010程序设计\15-16学期下\专业课\源代码\MY_RSA\MY_RSA\DEBUG\STDAFX.OBJ
F:\vs2010程序设计\15-16学期下\专业课\源代码\My_RSA\My_RSA\Debug\vc100.idb
F:\VS2010程序设计\15-16学期下\专业课\源代码\MY_RSA\MY_RSA\DEBUG\VC100.PDB
