生成启动时间为 2016/5/9 18:34:24。
     1>项目“F:\编程\vs2010程序设计\15-16学期下\专业课\DB_work2\DB_work2\DB_work2.vcxproj”在节点 2 上(build 个目标)。
     1>InitializeBuildStatus:
         正在对“Debug\DB_work2.unsuccessfulbuild”执行 Touch 任务。
       ClCompile:
         所有输出均为最新。
         d:\vs2010\vs2010\VC\bin\CL.exe /c /ZI /nologo /W3 /WX- /Od /Oy- /D WIN32 /D _DEBUG /D _CONSOLE /D _UNICODE /D UNICODE /Gm /EHsc /RTC1 /MDd /GS /fp:precise /Zc:wchar_t /Zc:forScope /Yu"StdAfx.h" /Fp"Debug\DB_work2.pch" /Fo"Debug\\" /Fd"Debug\vc100.pdb" /Gd /TP /analyze- /errorReport:prompt DB_work2.cpp
         DB_work2.cpp
     1>f:\编程\vs2010程序设计\15-16学期下\专业课\db_work2\db_work2\db_work2.cpp(36): warning C4996: 'strcpy': This function or variable may be unsafe. Consider using strcpy_s instead. To disable deprecation, use _CRT_SECURE_NO_WARNINGS. See online help for details.
                 d:\vs2010\vs2010\vc\include\string.h(105) : 参见“strcpy”的声明
     1>f:\编程\vs2010程序设计\15-16学期下\专业课\db_work2\db_work2\db_work2.cpp(79): warning C4996: 'strcpy': This function or variable may be unsafe. Consider using strcpy_s instead. To disable deprecation, use _CRT_SECURE_NO_WARNINGS. See online help for details.
                 d:\vs2010\vs2010\vc\include\string.h(105) : 参见“strcpy”的声明
     1>f:\编程\vs2010程序设计\15-16学期下\专业课\db_work2\db_work2\db_work2.cpp(82): warning C4996: 'strcpy': This function or variable may be unsafe. Consider using strcpy_s instead. To disable deprecation, use _CRT_SECURE_NO_WARNINGS. See online help for details.
                 d:\vs2010\vs2010\vc\include\string.h(105) : 参见“strcpy”的声明
     1>f:\编程\vs2010程序设计\15-16学期下\专业课\db_work2\db_work2\db_work2.cpp(84): warning C4996: 'strcpy': This function or variable may be unsafe. Consider using strcpy_s instead. To disable deprecation, use _CRT_SECURE_NO_WARNINGS. See online help for details.
                 d:\vs2010\vs2010\vc\include\string.h(105) : 参见“strcpy”的声明
     1>f:\编程\vs2010程序设计\15-16学期下\专业课\db_work2\db_work2\db_work2.cpp(85): warning C4996: 'strcpy': This function or variable may be unsafe. Consider using strcpy_s instead. To disable deprecation, use _CRT_SECURE_NO_WARNINGS. See online help for details.
                 d:\vs2010\vs2010\vc\include\string.h(105) : 参见“strcpy”的声明
     1>f:\编程\vs2010程序设计\15-16学期下\专业课\db_work2\db_work2\db_work2.cpp(86): warning C4996: 'strcpy': This function or variable may be unsafe. Consider using strcpy_s instead. To disable deprecation, use _CRT_SECURE_NO_WARNINGS. See online help for details.
                 d:\vs2010\vs2010\vc\include\string.h(105) : 参见“strcpy”的声明
     1>f:\编程\vs2010程序设计\15-16学期下\专业课\db_work2\db_work2\db_work2.cpp(87): warning C4996: 'strcpy': This function or variable may be unsafe. Consider using strcpy_s instead. To disable deprecation, use _CRT_SECURE_NO_WARNINGS. See online help for details.
                 d:\vs2010\vs2010\vc\include\string.h(105) : 参见“strcpy”的声明
     1>f:\编程\vs2010程序设计\15-16学期下\专业课\db_work2\db_work2\db_work2.cpp(92): warning C4996: 'strcpy': This function or variable may be unsafe. Consider using strcpy_s instead. To disable deprecation, use _CRT_SECURE_NO_WARNINGS. See online help for details.
                 d:\vs2010\vs2010\vc\include\string.h(105) : 参见“strcpy”的声明
     1>f:\编程\vs2010程序设计\15-16学期下\专业课\db_work2\db_work2\db_work2.cpp(99): warning C4996: 'strcpy': This function or variable may be unsafe. Consider using strcpy_s instead. To disable deprecation, use _CRT_SECURE_NO_WARNINGS. See online help for details.
                 d:\vs2010\vs2010\vc\include\string.h(105) : 参见“strcpy”的声明
     1>f:\编程\vs2010程序设计\15-16学期下\专业课\db_work2\db_work2\db_work2.cpp(105): warning C4996: 'strcpy': This function or variable may be unsafe. Consider using strcpy_s instead. To disable deprecation, use _CRT_SECURE_NO_WARNINGS. See online help for details.
                 d:\vs2010\vs2010\vc\include\string.h(105) : 参见“strcpy”的声明
     1>f:\编程\vs2010程序设计\15-16学期下\专业课\db_work2\db_work2\db_work2.cpp(106): warning C4996: 'strcpy': This function or variable may be unsafe. Consider using strcpy_s instead. To disable deprecation, use _CRT_SECURE_NO_WARNINGS. See online help for details.
                 d:\vs2010\vs2010\vc\include\string.h(105) : 参见“strcpy”的声明
     1>f:\编程\vs2010程序设计\15-16学期下\专业课\db_work2\db_work2\db_work2.cpp(127): warning C4996: 'strcpy': This function or variable may be unsafe. Consider using strcpy_s instead. To disable deprecation, use _CRT_SECURE_NO_WARNINGS. See online help for details.
                 d:\vs2010\vs2010\vc\include\string.h(105) : 参见“strcpy”的声明
     1>f:\编程\vs2010程序设计\15-16学期下\专业课\db_work2\db_work2\db_work2.cpp(130): warning C4996: 'strcpy': This function or variable may be unsafe. Consider using strcpy_s instead. To disable deprecation, use _CRT_SECURE_NO_WARNINGS. See online help for details.
                 d:\vs2010\vs2010\vc\include\string.h(105) : 参见“strcpy”的声明
     1>f:\编程\vs2010程序设计\15-16学期下\专业课\db_work2\db_work2\db_work2.cpp(131): warning C4996: 'strcpy': This function or variable may be unsafe. Consider using strcpy_s instead. To disable deprecation, use _CRT_SECURE_NO_WARNINGS. See online help for details.
                 d:\vs2010\vs2010\vc\include\string.h(105) : 参见“strcpy”的声明
     1>f:\编程\vs2010程序设计\15-16学期下\专业课\db_work2\db_work2\db_work2.cpp(160): warning C4996: 'strcpy': This function or variable may be unsafe. Consider using strcpy_s instead. To disable deprecation, use _CRT_SECURE_NO_WARNINGS. See online help for details.
                 d:\vs2010\vs2010\vc\include\string.h(105) : 参见“strcpy”的声明
     1>f:\编程\vs2010程序设计\15-16学期下\专业课\db_work2\db_work2\db_work2.cpp(170): warning C4996: 'strcpy': This function or variable may be unsafe. Consider using strcpy_s instead. To disable deprecation, use _CRT_SECURE_NO_WARNINGS. See online help for details.
                 d:\vs2010\vs2010\vc\include\string.h(105) : 参见“strcpy”的声明
     1>f:\编程\vs2010程序设计\15-16学期下\专业课\db_work2\db_work2\db_work2.cpp(172): warning C4996: 'strcpy': This function or variable may be unsafe. Consider using strcpy_s instead. To disable deprecation, use _CRT_SECURE_NO_WARNINGS. See online help for details.
                 d:\vs2010\vs2010\vc\include\string.h(105) : 参见“strcpy”的声明
     1>f:\编程\vs2010程序设计\15-16学期下\专业课\db_work2\db_work2\db_work2.cpp(188): warning C4996: 'strcpy': This function or variable may be unsafe. Consider using strcpy_s instead. To disable deprecation, use _CRT_SECURE_NO_WARNINGS. See online help for details.
                 d:\vs2010\vs2010\vc\include\string.h(105) : 参见“strcpy”的声明
     1>f:\编程\vs2010程序设计\15-16学期下\专业课\db_work2\db_work2\db_work2.cpp(253): warning C4996: 'strcpy': This function or variable may be unsafe. Consider using strcpy_s instead. To disable deprecation, use _CRT_SECURE_NO_WARNINGS. See online help for details.
                 d:\vs2010\vs2010\vc\include\string.h(105) : 参见“strcpy”的声明
     1>f:\编程\vs2010程序设计\15-16学期下\专业课\db_work2\db_work2\db_work2.cpp(276): warning C4996: 'fopen': This function or variable may be unsafe. Consider using fopen_s instead. To disable deprecation, use _CRT_SECURE_NO_WARNINGS. See online help for details.
                 d:\vs2010\vs2010\vc\include\stdio.h(234) : 参见“fopen”的声明
     1>f:\编程\vs2010程序设计\15-16学期下\专业课\db_work2\db_work2\db_work2.cpp(299): warning C4996: 'fopen': This function or variable may be unsafe. Consider using fopen_s instead. To disable deprecation, use _CRT_SECURE_NO_WARNINGS. See online help for details.
                 d:\vs2010\vs2010\vc\include\stdio.h(234) : 参见“fopen”的声明
     1>f:\编程\vs2010程序设计\15-16学期下\专业课\db_work2\db_work2\db_work2.cpp(360): warning C4996: 'gets': This function or variable may be unsafe. Consider using gets_s instead. To disable deprecation, use _CRT_SECURE_NO_WARNINGS. See online help for details.
                 d:\vs2010\vs2010\vc\include\stdio.h(277) : 参见“gets”的声明
     1>f:\编程\vs2010程序设计\15-16学期下\专业课\db_work2\db_work2\db_work2.cpp(396): warning C4996: 'strcpy': This function or variable may be unsafe. Consider using strcpy_s instead. To disable deprecation, use _CRT_SECURE_NO_WARNINGS. See online help for details.
                 d:\vs2010\vs2010\vc\include\string.h(105) : 参见“strcpy”的声明
     1>f:\编程\vs2010程序设计\15-16学期下\专业课\db_work2\db_work2\db_work2.cpp(403): warning C4996: 'strcpy': This function or variable may be unsafe. Consider using strcpy_s instead. To disable deprecation, use _CRT_SECURE_NO_WARNINGS. See online help for details.
                 d:\vs2010\vs2010\vc\include\string.h(105) : 参见“strcpy”的声明
     1>f:\编程\vs2010程序设计\15-16学期下\专业课\db_work2\db_work2\db_work2.cpp(508): warning C4996: 'strcpy': This function or variable may be unsafe. Consider using strcpy_s instead. To disable deprecation, use _CRT_SECURE_NO_WARNINGS. See online help for details.
                 d:\vs2010\vs2010\vc\include\string.h(105) : 参见“strcpy”的声明
     1>f:\编程\vs2010程序设计\15-16学期下\专业课\db_work2\db_work2\db_work2.cpp(509): warning C4996: 'strcpy': This function or variable may be unsafe. Consider using strcpy_s instead. To disable deprecation, use _CRT_SECURE_NO_WARNINGS. See online help for details.
                 d:\vs2010\vs2010\vc\include\string.h(105) : 参见“strcpy”的声明
     1>f:\编程\vs2010程序设计\15-16学期下\专业课\db_work2\db_work2\db_work2.cpp(513): warning C4996: 'scanf': This function or variable may be unsafe. Consider using scanf_s instead. To disable deprecation, use _CRT_SECURE_NO_WARNINGS. See online help for details.
                 d:\vs2010\vs2010\vc\include\stdio.h(304) : 参见“scanf”的声明
     1>f:\编程\vs2010程序设计\15-16学期下\专业课\db_work2\db_work2\db_work2.cpp(518): warning C4996: 'scanf': This function or variable may be unsafe. Consider using scanf_s instead. To disable deprecation, use _CRT_SECURE_NO_WARNINGS. See online help for details.
                 d:\vs2010\vs2010\vc\include\stdio.h(304) : 参见“scanf”的声明
       ManifestResourceCompile:
         所有输出均为最新。
       Link:
         d:\vs2010\vs2010\VC\bin\link.exe /ERRORREPORT:PROMPT /OUT:"F:\编程\vs2010程序设计\15-16学期下\专业课\DB_work2\Debug\DB_work2.exe" /INCREMENTAL /NOLOGO kernel32.lib user32.lib gdi32.lib winspool.lib comdlg32.lib advapi32.lib shell32.lib ole32.lib oleaut32.lib uuid.lib odbc32.lib odbccp32.lib /MANIFEST /ManifestFile:"Debug\DB_work2.exe.intermediate.manifest" /MANIFESTUAC:"level='asInvoker' uiAccess='false'" /DEBUG /PDB:"F:\编程\vs2010程序设计\15-16学期下\专业课\DB_work2\Debug\DB_work2.pdb" /SUBSYSTEM:CONSOLE /TLBID:1 /DYNAMICBASE /NXCOMPAT /IMPLIB:"F:\编程\vs2010程序设计\15-16学期下\专业课\DB_work2\Debug\DB_work2.lib" /MACHINE:X86 Debug\DB_work2.exe.embed.manifest.res
         Debug\DB_work2.obj
         Debug\stdafx.obj
       Manifest:
         C:\Program Files (x86)\Microsoft SDKs\Windows\v7.0A\bin\mt.exe /nologo /verbose /out:"Debug\DB_work2.exe.embed.manifest" /manifest Debug\DB_work2.exe.intermediate.manifest
         所有输出均为最新。
       LinkEmbedManifest:
         所有输出均为最新。
         DB_work2.vcxproj -> F:\编程\vs2010程序设计\15-16学期下\专业课\DB_work2\Debug\DB_work2.exe
       FinalizeBuildStatus:
         正在删除文件“Debug\DB_work2.unsuccessfulbuild”。
         正在对“Debug\DB_work2.lastbuildstate”执行 Touch 任务。
     1>已完成生成项目“F:\编程\vs2010程序设计\15-16学期下\专业课\DB_work2\DB_work2\DB_work2.vcxproj”(build 个目标)的操作。

生成成功。

已用时间 00:00:02.83
