生成启动时间为 2017/3/16 11:04:47。
     1>项目“F:\编程\vs2010程序设计\16-17下\playfair\playfair\playfair.vcxproj”在节点 2 上(build 个目标)。
     1>InitializeBuildStatus:
         正在创建“Debug\playfair.unsuccessfulbuild”，因为已指定“AlwaysCreate”。
       ClCompile:
         所有输出均为最新。
         d:\vs2010\new\VC\bin\CL.exe /c /ZI /nologo /W3 /WX- /Od /Oy- /D WIN32 /D _DEBUG /D _CONSOLE /D _UNICODE /D UNICODE /Gm /EHsc /RTC1 /MDd /GS /fp:precise /Zc:wchar_t /Zc:forScope /Yu"StdAfx.h" /Fp"Debug\playfair.pch" /Fo"Debug\\" /Fd"Debug\vc100.pdb" /Gd /TP /analyze- /errorReport:prompt playfair.cpp
         playfair.cpp
     1>f:\编程\vs2010程序设计\16-17下\playfair\playfair\playfair.cpp(17): warning C4996: 'scanf': This function or variable may be unsafe. Consider using scanf_s instead. To disable deprecation, use _CRT_SECURE_NO_WARNINGS. See online help for details.
                 d:\vs2010\new\vc\include\stdio.h(304) : 参见“scanf”的声明
     1>f:\编程\vs2010程序设计\16-17下\playfair\playfair\playfair.cpp(378): warning C4996: 'scanf': This function or variable may be unsafe. Consider using scanf_s instead. To disable deprecation, use _CRT_SECURE_NO_WARNINGS. See online help for details.
                 d:\vs2010\new\vc\include\stdio.h(304) : 参见“scanf”的声明
     1>f:\编程\vs2010程序设计\16-17下\playfair\playfair\playfair.cpp(400): warning C4996: 'scanf': This function or variable may be unsafe. Consider using scanf_s instead. To disable deprecation, use _CRT_SECURE_NO_WARNINGS. See online help for details.
                 d:\vs2010\new\vc\include\stdio.h(304) : 参见“scanf”的声明
       Link:
         d:\vs2010\new\VC\bin\link.exe /ERRORREPORT:PROMPT /OUT:"F:\编程\vs2010程序设计\16-17下\playfair\Debug\playfair.exe" /INCREMENTAL /NOLOGO kernel32.lib user32.lib gdi32.lib winspool.lib comdlg32.lib advapi32.lib shell32.lib ole32.lib oleaut32.lib uuid.lib odbc32.lib odbccp32.lib /MANIFEST /ManifestFile:"Debug\playfair.exe.intermediate.manifest" /MANIFESTUAC:"level='asInvoker' uiAccess='false'" /DEBUG /PDB:"F:\编程\vs2010程序设计\16-17下\playfair\Debug\playfair.pdb" /SUBSYSTEM:CONSOLE /TLBID:1 /DYNAMICBASE /NXCOMPAT /IMPLIB:"F:\编程\vs2010程序设计\16-17下\playfair\Debug\playfair.lib" /MACHINE:X86 Debug\playfair.obj
         Debug\stdafx.obj
         playfair.vcxproj -> F:\编程\vs2010程序设计\16-17下\playfair\Debug\playfair.exe
       Manifest:
         C:\Program Files (x86)\Microsoft SDKs\Windows\v7.0A\bin\mt.exe /nologo /verbose /out:"F:\编程\vs2010程序设计\16-17下\playfair\Debug\playfair.exe.manifest" /manifest Debug\playfair.exe.intermediate.manifest
       FinalizeBuildStatus:
         正在删除文件“Debug\playfair.unsuccessfulbuild”。
         正在对“Debug\playfair.lastbuildstate”执行 Touch 任务。
     1>已完成生成项目“F:\编程\vs2010程序设计\16-17下\playfair\playfair\playfair.vcxproj”(build 个目标)的操作。

生成成功。

已用时间 00:00:02.42
