生成启动时间为 2016/5/23 21:17:57。
     1>项目“F:\编程\vs2010程序设计\15-16学期下\专业课\DB_woek2改进5.9\DB_woek2改进5.9\DB_woek2改进5.9.vcxproj”在节点 2 上(build 个目标)。
     1>InitializeBuildStatus:
         正在对“Debug\DB_woek2改进5.9.unsuccessfulbuild”执行 Touch 任务。
       ClCompile:
         所有输出均为最新。
         所有输出均为最新。
       ManifestResourceCompile:
         所有输出均为最新。
       Link:
         d:\vs2010\vs2010\VC\bin\link.exe /ERRORREPORT:PROMPT /OUT:"F:\编程\vs2010程序设计\15-16学期下\专业课\DB_woek2改进5.9\Debug\DB_woek2改进5.9.exe" /INCREMENTAL /NOLOGO kernel32.lib user32.lib gdi32.lib winspool.lib comdlg32.lib advapi32.lib shell32.lib ole32.lib oleaut32.lib uuid.lib odbc32.lib odbccp32.lib /MANIFEST /ManifestFile:"Debug\DB_woek2改进5.9.exe.intermediate.manifest" /MANIFESTUAC:"level='asInvoker' uiAccess='false'" /DEBUG /PDB:"F:\编程\vs2010程序设计\15-16学期下\专业课\DB_woek2改进5.9\Debug\DB_woek2改进5.9.pdb" /SUBSYSTEM:CONSOLE /TLBID:1 /DYNAMICBASE /NXCOMPAT /IMPLIB:"F:\编程\vs2010程序设计\15-16学期下\专业课\DB_woek2改进5.9\Debug\DB_woek2改进5.9.lib" /MACHINE:X86 "Debug\DB_woek2改进5.9.exe.embed.manifest.res"
         "Debug\DB_woek2改进5.9.obj"
         Debug\stdafx.obj
       Manifest:
         C:\Program Files (x86)\Microsoft SDKs\Windows\v7.0A\bin\mt.exe /nologo /verbose /out:"Debug\DB_woek2改进5.9.exe.embed.manifest" /manifest "Debug\DB_woek2改进5.9.exe.intermediate.manifest"
         所有输出均为最新。
       LinkEmbedManifest:
         所有输出均为最新。
         DB_woek2改进5.9.vcxproj -> F:\编程\vs2010程序设计\15-16学期下\专业课\DB_woek2改进5.9\Debug\DB_woek2改进5.9.exe
       FinalizeBuildStatus:
         正在删除文件“Debug\DB_woek2改进5.9.unsuccessfulbuild”。
         正在对“Debug\DB_woek2改进5.9.lastbuildstate”执行 Touch 任务。
     1>已完成生成项目“F:\编程\vs2010程序设计\15-16学期下\专业课\DB_woek2改进5.9\DB_woek2改进5.9\DB_woek2改进5.9.vcxproj”(build 个目标)的操作。

生成成功。

已用时间 00:00:00.68
