生成启动时间为 2016/3/21 21:31:19。
     1>项目“F:\vs2010程序设计\15-16寒假\数据结构\信息安全实验2.1\信息安全实验2.1\信息安全实验2.1.vcxproj”在节点 2 上(build 个目标)。
     1>InitializeBuildStatus:
         正在创建“Debug\信息安全实验2.1.unsuccessfulbuild”，因为已指定“AlwaysCreate”。
       ClCompile:
         所有输出均为最新。
         d:\vs2010\vs2010\VC\bin\CL.exe /c /ZI /nologo /W3 /WX- /Od /Oy- /D WIN32 /D _DEBUG /D _CONSOLE /D _UNICODE /D UNICODE /Gm /EHsc /RTC1 /MDd /GS /fp:precise /Zc:wchar_t /Zc:forScope /Yu"StdAfx.h" /Fp"Debug\信息安全实验2.1.pch" /Fo"Debug\\" /Fd"Debug\vc100.pdb" /Gd /TP /analyze- /errorReport:prompt "信息安全实验2.1.cpp"
         信息安全实验2.1.cpp
     1>f:\vs2010程序设计\15-16寒假\数据结构\信息安全实验2.1\信息安全实验2.1\信息安全实验2.1.cpp(141): warning C4996: 'scanf': This function or variable may be unsafe. Consider using scanf_s instead. To disable deprecation, use _CRT_SECURE_NO_WARNINGS. See online help for details.
                 d:\vs2010\vs2010\vc\include\stdio.h(304) : 参见“scanf”的声明
     1>f:\vs2010程序设计\15-16寒假\数据结构\信息安全实验2.1\信息安全实验2.1\信息安全实验2.1.cpp(160): warning C4996: 'scanf': This function or variable may be unsafe. Consider using scanf_s instead. To disable deprecation, use _CRT_SECURE_NO_WARNINGS. See online help for details.
                 d:\vs2010\vs2010\vc\include\stdio.h(304) : 参见“scanf”的声明
     1>f:\vs2010程序设计\15-16寒假\数据结构\信息安全实验2.1\信息安全实验2.1\信息安全实验2.1.cpp(168): warning C4996: 'scanf': This function or variable may be unsafe. Consider using scanf_s instead. To disable deprecation, use _CRT_SECURE_NO_WARNINGS. See online help for details.
                 d:\vs2010\vs2010\vc\include\stdio.h(304) : 参见“scanf”的声明
     1>f:\vs2010程序设计\15-16寒假\数据结构\信息安全实验2.1\信息安全实验2.1\信息安全实验2.1.cpp(184): warning C4996: 'scanf': This function or variable may be unsafe. Consider using scanf_s instead. To disable deprecation, use _CRT_SECURE_NO_WARNINGS. See online help for details.
                 d:\vs2010\vs2010\vc\include\stdio.h(304) : 参见“scanf”的声明
     1>f:\vs2010程序设计\15-16寒假\数据结构\信息安全实验2.1\信息安全实验2.1\信息安全实验2.1.cpp(200): warning C4996: 'scanf': This function or variable may be unsafe. Consider using scanf_s instead. To disable deprecation, use _CRT_SECURE_NO_WARNINGS. See online help for details.
                 d:\vs2010\vs2010\vc\include\stdio.h(304) : 参见“scanf”的声明
     1>f:\vs2010程序设计\15-16寒假\数据结构\信息安全实验2.1\信息安全实验2.1\信息安全实验2.1.cpp(132): warning C4101: “a”: 未引用的局部变量
     1>f:\vs2010程序设计\15-16寒假\数据结构\信息安全实验2.1\信息安全实验2.1\信息安全实验2.1.cpp(138): warning C4101: “middle_1”: 未引用的局部变量
       ManifestResourceCompile:
         所有输出均为最新。
       Link:
         d:\vs2010\vs2010\VC\bin\link.exe /ERRORREPORT:PROMPT /OUT:"F:\vs2010程序设计\15-16寒假\数据结构\信息安全实验2.1\Debug\信息安全实验2.1.exe" /INCREMENTAL /NOLOGO kernel32.lib user32.lib gdi32.lib winspool.lib comdlg32.lib advapi32.lib shell32.lib ole32.lib oleaut32.lib uuid.lib odbc32.lib odbccp32.lib /MANIFEST /ManifestFile:"Debug\信息安全实验2.1.exe.intermediate.manifest" /MANIFESTUAC:"level='asInvoker' uiAccess='false'" /DEBUG /PDB:"F:\vs2010程序设计\15-16寒假\数据结构\信息安全实验2.1\Debug\信息安全实验2.1.pdb" /SUBSYSTEM:CONSOLE /TLBID:1 /DYNAMICBASE /NXCOMPAT /IMPLIB:"F:\vs2010程序设计\15-16寒假\数据结构\信息安全实验2.1\Debug\信息安全实验2.1.lib" /MACHINE:X86 "Debug\信息安全实验2.1.exe.embed.manifest.res"
         Debug\stdafx.obj
         "Debug\信息安全实验2.1.obj"
       Manifest:
         C:\Program Files (x86)\Microsoft SDKs\Windows\v7.0A\bin\mt.exe /nologo /verbose /out:"Debug\信息安全实验2.1.exe.embed.manifest" /manifest "Debug\信息安全实验2.1.exe.intermediate.manifest"
         所有输出均为最新。
       LinkEmbedManifest:
         所有输出均为最新。
         信息安全实验2.1.vcxproj -> F:\vs2010程序设计\15-16寒假\数据结构\信息安全实验2.1\Debug\信息安全实验2.1.exe
       FinalizeBuildStatus:
         正在删除文件“Debug\信息安全实验2.1.unsuccessfulbuild”。
         正在对“Debug\信息安全实验2.1.lastbuildstate”执行 Touch 任务。
     1>已完成生成项目“F:\vs2010程序设计\15-16寒假\数据结构\信息安全实验2.1\信息安全实验2.1\信息安全实验2.1.vcxproj”(build 个目标)的操作。

生成成功。

已用时间 00:00:01.70
