生成启动时间为 2016/3/11 20:53:02。
     1>项目“F:\vs2010程序设计\15-16寒假\数据结构\测试_负数求余\测试_负数求余\测试_负数求余.vcxproj”在节点 2 上(build 个目标)。
     1>InitializeBuildStatus:
         正在创建“Debug\测试_负数求余.unsuccessfulbuild”，因为已指定“AlwaysCreate”。
       ClCompile:
         所有输出均为最新。
         d:\vs2010\vs2010\VC\bin\CL.exe /c /ZI /nologo /W3 /WX- /Od /Oy- /D WIN32 /D _DEBUG /D _CONSOLE /D _UNICODE /D UNICODE /Gm /EHsc /RTC1 /MDd /GS /fp:precise /Zc:wchar_t /Zc:forScope /Yu"StdAfx.h" /Fp"Debug\测试_负数求余.pch" /Fo"Debug\\" /Fd"Debug\vc100.pdb" /Gd /TP /analyze- /errorReport:prompt "测试_负数求余.cpp"
         测试_负数求余.cpp
       ManifestResourceCompile:
         所有输出均为最新。
       Link:
         d:\vs2010\vs2010\VC\bin\link.exe /ERRORREPORT:PROMPT /OUT:"F:\vs2010程序设计\15-16寒假\数据结构\测试_负数求余\Debug\测试_负数求余.exe" /INCREMENTAL /NOLOGO kernel32.lib user32.lib gdi32.lib winspool.lib comdlg32.lib advapi32.lib shell32.lib ole32.lib oleaut32.lib uuid.lib odbc32.lib odbccp32.lib /MANIFEST /ManifestFile:"Debug\测试_负数求余.exe.intermediate.manifest" /MANIFESTUAC:"level='asInvoker' uiAccess='false'" /DEBUG /PDB:"F:\vs2010程序设计\15-16寒假\数据结构\测试_负数求余\Debug\测试_负数求余.pdb" /SUBSYSTEM:CONSOLE /TLBID:1 /DYNAMICBASE /NXCOMPAT /IMPLIB:"F:\vs2010程序设计\15-16寒假\数据结构\测试_负数求余\Debug\测试_负数求余.lib" /MACHINE:X86 "Debug\测试_负数求余.exe.embed.manifest.res"
         Debug\stdafx.obj
         "Debug\测试_负数求余.obj"
       Manifest:
         C:\Program Files (x86)\Microsoft SDKs\Windows\v7.0A\bin\mt.exe /nologo /verbose /out:"Debug\测试_负数求余.exe.embed.manifest" /manifest "Debug\测试_负数求余.exe.intermediate.manifest"
         所有输出均为最新。
       LinkEmbedManifest:
         所有输出均为最新。
         测试_负数求余.vcxproj -> F:\vs2010程序设计\15-16寒假\数据结构\测试_负数求余\Debug\测试_负数求余.exe
       FinalizeBuildStatus:
         正在删除文件“Debug\测试_负数求余.unsuccessfulbuild”。
         正在对“Debug\测试_负数求余.lastbuildstate”执行 Touch 任务。
     1>已完成生成项目“F:\vs2010程序设计\15-16寒假\数据结构\测试_负数求余\测试_负数求余\测试_负数求余.vcxproj”(build 个目标)的操作。

生成成功。

已用时间 00:00:01.39
