F:\vs2010程序设计\15-16学期下\专业课\源代码\DB_work2\DB_work2\Debug\cl.command.1.tlog
F:\vs2010程序设计\15-16学期下\专业课\源代码\DB_work2\DB_work2\Debug\CL.read.1.tlog
F:\vs2010程序设计\15-16学期下\专业课\源代码\DB_work2\DB_work2\Debug\CL.write.1.tlog
F:\VS2010程序设计\15-16学期下\专业课\源代码\DB_WORK2\DB_WORK2\DEBUG\DB_WORK2.EXE.EMBED.MANIFEST
F:\VS2010程序设计\15-16学期下\专业课\源代码\DB_WORK2\DB_WORK2\DEBUG\DB_WORK2.EXE.EMBED.MANIFEST.RES
F:\VS2010程序设计\15-16学期下\专业课\源代码\DB_WORK2\DB_WORK2\DEBUG\DB_WORK2.EXE.INTERMEDIATE.MANIFEST
F:\VS2010程序设计\15-16学期下\专业课\源代码\DB_WORK2\DB_WORK2\DEBUG\DB_WORK2.OBJ
F:\VS2010程序设计\15-16学期下\专业课\源代码\DB_WORK2\DB_WORK2\DEBUG\DB_WORK2.PCH
F:\vs2010程序设计\15-16学期下\专业课\源代码\DB_work2\DB_work2\Debug\DB_work2_manifest.rc
F:\vs2010程序设计\15-16学期下\专业课\源代码\DB_work2\DB_work2\Debug\link.15068.read.1.tlog
F:\vs2010程序设计\15-16学期下\专业课\源代码\DB_work2\DB_work2\Debug\link.15068.write.1.tlog
F:\vs2010程序设计\15-16学期下\专业课\源代码\DB_work2\DB_work2\Debug\link.15068-cvtres.read.1.tlog
F:\vs2010程序设计\15-16学期下\专业课\源代码\DB_work2\DB_work2\Debug\link.15068-cvtres.write.1.tlog
F:\vs2010程序设计\15-16学期下\专业课\源代码\DB_work2\DB_work2\Debug\link.4520.read.1.tlog
F:\vs2010程序设计\15-16学期下\专业课\源代码\DB_work2\DB_work2\Debug\link.4520.write.1.tlog
F:\vs2010程序设计\15-16学期下\专业课\源代码\DB_work2\DB_work2\Debug\link.4520-cvtres.read.1.tlog
F:\vs2010程序设计\15-16学期下\专业课\源代码\DB_work2\DB_work2\Debug\link.4520-cvtres.write.1.tlog
F:\vs2010程序设计\15-16学期下\专业课\源代码\DB_work2\DB_work2\Debug\link.8236.read.1.tlog
F:\vs2010程序设计\15-16学期下\专业课\源代码\DB_work2\DB_work2\Debug\link.8236.write.1.tlog
F:\vs2010程序设计\15-16学期下\专业课\源代码\DB_work2\DB_work2\Debug\link.8236-cvtres.read.1.tlog
F:\vs2010程序设计\15-16学期下\专业课\源代码\DB_work2\DB_work2\Debug\link.8236-cvtres.write.1.tlog
F:\vs2010程序设计\15-16学期下\专业课\源代码\DB_work2\DB_work2\Debug\link.command.1.tlog
F:\vs2010程序设计\15-16学期下\专业课\源代码\DB_work2\DB_work2\Debug\link.read.1.tlog
F:\vs2010程序设计\15-16学期下\专业课\源代码\DB_work2\DB_work2\Debug\link.write.1.tlog
F:\vs2010程序设计\15-16学期下\专业课\源代码\DB_work2\DB_work2\Debug\link-cvtres.read.1.tlog
F:\vs2010程序设计\15-16学期下\专业课\源代码\DB_work2\DB_work2\Debug\link-cvtres.write.1.tlog
F:\vs2010程序设计\15-16学期下\专业课\源代码\DB_work2\DB_work2\Debug\mt.command.1.tlog
F:\vs2010程序设计\15-16学期下\专业课\源代码\DB_work2\DB_work2\Debug\mt.read.1.tlog
F:\vs2010程序设计\15-16学期下\专业课\源代码\DB_work2\DB_work2\Debug\mt.write.1.tlog
F:\vs2010程序设计\15-16学期下\专业课\源代码\DB_work2\DB_work2\Debug\rc.command.1.tlog
F:\vs2010程序设计\15-16学期下\专业课\源代码\DB_work2\DB_work2\Debug\rc.read.1.tlog
F:\vs2010程序设计\15-16学期下\专业课\源代码\DB_work2\DB_work2\Debug\rc.write.1.tlog
F:\VS2010程序设计\15-16学期下\专业课\源代码\DB_WORK2\DB_WORK2\DEBUG\STDAFX.OBJ
F:\vs2010程序设计\15-16学期下\专业课\源代码\DB_work2\DB_work2\Debug\vc100.idb
F:\VS2010程序设计\15-16学期下\专业课\源代码\DB_WORK2\DB_WORK2\DEBUG\VC100.PDB
F:\VS2010程序设计\15-16学期下\专业课\源代码\DB_WORK2\DEBUG\DB_WORK2.EXE
F:\VS2010程序设计\15-16学期下\专业课\源代码\DB_WORK2\DEBUG\DB_WORK2.ILK
F:\VS2010程序设计\15-16学期下\专业课\源代码\DB_WORK2\DEBUG\DB_WORK2.PDB
