生成启动时间为 2016/2/17 12:06:43。
     1>项目“F:\vs2010程序设计\15-16寒假\数据结构\线性表置换\线性表置换\线性表置换.vcxproj”在节点 2 上(build 个目标)。
     1>PrepareForBuild:
         正在创建目录“F:\vs2010程序设计\15-16寒假\数据结构\线性表置换\Debug\”。
       InitializeBuildStatus:
         正在创建“Debug\线性表置换.unsuccessfulbuild”，因为已指定“AlwaysCreate”。
       ClCompile:
         d:\vs2010\vs2010\VC\bin\CL.exe /c /ZI /nologo /W3 /WX- /Od /Oy- /D WIN32 /D _DEBUG /D _CONSOLE /D _UNICODE /D UNICODE /Gm /EHsc /RTC1 /MDd /GS /fp:precise /Zc:wchar_t /Zc:forScope /Yc"StdAfx.h" /Fp"Debug\线性表置换.pch" /Fo"Debug\\" /Fd"Debug\vc100.pdb" /Gd /TP /analyze- /errorReport:prompt stdafx.cpp
         stdafx.cpp
         d:\vs2010\vs2010\VC\bin\CL.exe /c /ZI /nologo /W3 /WX- /Od /Oy- /D WIN32 /D _DEBUG /D _CONSOLE /D _UNICODE /D UNICODE /Gm /EHsc /RTC1 /MDd /GS /fp:precise /Zc:wchar_t /Zc:forScope /Yu"StdAfx.h" /Fp"Debug\线性表置换.pch" /Fo"Debug\\" /Fd"Debug\vc100.pdb" /Gd /TP /analyze- /errorReport:prompt "线性表置换.cpp"
         线性表置换.cpp
     1>f:\vs2010程序设计\15-16寒假\数据结构\线性表置换\线性表置换\线性表置换.cpp(30): warning C4996: 'scanf': This function or variable may be unsafe. Consider using scanf_s instead. To disable deprecation, use _CRT_SECURE_NO_WARNINGS. See online help for details.
                 d:\vs2010\vs2010\vc\include\stdio.h(304) : 参见“scanf”的声明
     1>f:\vs2010程序设计\15-16寒假\数据结构\线性表置换\线性表置换\线性表置换.cpp(35): warning C4996: 'scanf': This function or variable may be unsafe. Consider using scanf_s instead. To disable deprecation, use _CRT_SECURE_NO_WARNINGS. See online help for details.
                 d:\vs2010\vs2010\vc\include\stdio.h(304) : 参见“scanf”的声明
     1>f:\vs2010程序设计\15-16寒假\数据结构\线性表置换\线性表置换\线性表置换.cpp(67): warning C4101: “k”: 未引用的局部变量
     1>f:\vs2010程序设计\15-16寒假\数据结构\线性表置换\线性表置换\线性表置换.cpp(97): warning C4101: “x”: 未引用的局部变量
       ManifestResourceCompile:
         C:\Program Files (x86)\Microsoft SDKs\Windows\v7.0A\bin\rc.exe /nologo /fo"Debug\线性表置换.exe.embed.manifest.res" "Debug\线性表置换_manifest.rc" 
       Link:
         d:\vs2010\vs2010\VC\bin\link.exe /ERRORREPORT:PROMPT /OUT:"F:\vs2010程序设计\15-16寒假\数据结构\线性表置换\Debug\线性表置换.exe" /INCREMENTAL /NOLOGO kernel32.lib user32.lib gdi32.lib winspool.lib comdlg32.lib advapi32.lib shell32.lib ole32.lib oleaut32.lib uuid.lib odbc32.lib odbccp32.lib /MANIFEST /ManifestFile:"Debug\线性表置换.exe.intermediate.manifest" /MANIFESTUAC:"level='asInvoker' uiAccess='false'" /DEBUG /PDB:"F:\vs2010程序设计\15-16寒假\数据结构\线性表置换\Debug\线性表置换.pdb" /SUBSYSTEM:CONSOLE /TLBID:1 /DYNAMICBASE /NXCOMPAT /IMPLIB:"F:\vs2010程序设计\15-16寒假\数据结构\线性表置换\Debug\线性表置换.lib" /MACHINE:X86 "Debug\线性表置换.exe.embed.manifest.res"
         Debug\stdafx.obj
         "Debug\线性表置换.obj"
       Manifest:
         C:\Program Files (x86)\Microsoft SDKs\Windows\v7.0A\bin\mt.exe /nologo /verbose /out:"Debug\线性表置换.exe.embed.manifest" /manifest "Debug\线性表置换.exe.intermediate.manifest"
         C:\Program Files (x86)\Microsoft SDKs\Windows\v7.0A\bin\rc.exe /nologo /fo"Debug\线性表置换.exe.embed.manifest.res" "Debug\线性表置换_manifest.rc" 
       LinkEmbedManifest:
         d:\vs2010\vs2010\VC\bin\link.exe /ERRORREPORT:PROMPT /OUT:"F:\vs2010程序设计\15-16寒假\数据结构\线性表置换\Debug\线性表置换.exe" /INCREMENTAL /NOLOGO kernel32.lib user32.lib gdi32.lib winspool.lib comdlg32.lib advapi32.lib shell32.lib ole32.lib oleaut32.lib uuid.lib odbc32.lib odbccp32.lib /MANIFEST /ManifestFile:"Debug\线性表置换.exe.intermediate.manifest" /MANIFESTUAC:"level='asInvoker' uiAccess='false'" /DEBUG /PDB:"F:\vs2010程序设计\15-16寒假\数据结构\线性表置换\Debug\线性表置换.pdb" /SUBSYSTEM:CONSOLE /TLBID:1 /DYNAMICBASE /NXCOMPAT /IMPLIB:"F:\vs2010程序设计\15-16寒假\数据结构\线性表置换\Debug\线性表置换.lib" /MACHINE:X86 "Debug\线性表置换.exe.embed.manifest.res"
         Debug\stdafx.obj
         "Debug\线性表置换.obj"
         线性表置换.vcxproj -> F:\vs2010程序设计\15-16寒假\数据结构\线性表置换\Debug\线性表置换.exe
       FinalizeBuildStatus:
         正在删除文件“Debug\线性表置换.unsuccessfulbuild”。
         正在对“Debug\线性表置换.lastbuildstate”执行 Touch 任务。
     1>已完成生成项目“F:\vs2010程序设计\15-16寒假\数据结构\线性表置换\线性表置换\线性表置换.vcxproj”(build 个目标)的操作。

生成成功。

已用时间 00:00:05.99
