生成启动时间为 2017/3/18 13:38:15。
     1>项目“F:\编程\vs2010程序设计\16-17下\Final_Work\Final_Work\Final_Work.vcxproj”在节点 2 上(build 个目标)。
     1>InitializeBuildStatus:
         正在创建“Debug\Final_Work.unsuccessfulbuild”，因为已指定“AlwaysCreate”。
       ClCompile:
         所有输出均为最新。
         d:\vs2010\new\VC\bin\CL.exe /c /ZI /nologo /W3 /WX- /Od /Oy- /D WIN32 /D _DEBUG /D _CONSOLE /D _UNICODE /D UNICODE /Gm /EHsc /RTC1 /MDd /GS /fp:precise /Zc:wchar_t /Zc:forScope /Yu"StdAfx.h" /Fp"Debug\Final_Work.pch" /Fo"Debug\\" /Fd"Debug\vc100.pdb" /Gd /TP /analyze- /errorReport:prompt Final_Work.cpp
         Final_Work.cpp
     1>f:\编程\vs2010程序设计\16-17下\final_work\final_work\final_work.cpp(44): warning C4996: 'strcpy': This function or variable may be unsafe. Consider using strcpy_s instead. To disable deprecation, use _CRT_SECURE_NO_WARNINGS. See online help for details.
                 d:\vs2010\new\vc\include\string.h(105) : 参见“strcpy”的声明
     1>f:\编程\vs2010程序设计\16-17下\final_work\final_work\final_work.cpp(45): warning C4996: 'strcpy': This function or variable may be unsafe. Consider using strcpy_s instead. To disable deprecation, use _CRT_SECURE_NO_WARNINGS. See online help for details.
                 d:\vs2010\new\vc\include\string.h(105) : 参见“strcpy”的声明
     1>f:\编程\vs2010程序设计\16-17下\final_work\final_work\final_work.cpp(59): warning C4996: 'strcpy': This function or variable may be unsafe. Consider using strcpy_s instead. To disable deprecation, use _CRT_SECURE_NO_WARNINGS. See online help for details.
                 d:\vs2010\new\vc\include\string.h(105) : 参见“strcpy”的声明
     1>f:\编程\vs2010程序设计\16-17下\final_work\final_work\final_work.cpp(60): warning C4996: 'strcpy': This function or variable may be unsafe. Consider using strcpy_s instead. To disable deprecation, use _CRT_SECURE_NO_WARNINGS. See online help for details.
                 d:\vs2010\new\vc\include\string.h(105) : 参见“strcpy”的声明
     1>f:\编程\vs2010程序设计\16-17下\final_work\final_work\final_work.cpp(61): warning C4996: 'strcpy': This function or variable may be unsafe. Consider using strcpy_s instead. To disable deprecation, use _CRT_SECURE_NO_WARNINGS. See online help for details.
                 d:\vs2010\new\vc\include\string.h(105) : 参见“strcpy”的声明
     1>f:\编程\vs2010程序设计\16-17下\final_work\final_work\final_work.cpp(62): warning C4996: 'strcpy': This function or variable may be unsafe. Consider using strcpy_s instead. To disable deprecation, use _CRT_SECURE_NO_WARNINGS. See online help for details.
                 d:\vs2010\new\vc\include\string.h(105) : 参见“strcpy”的声明
     1>f:\编程\vs2010程序设计\16-17下\final_work\final_work\final_work.cpp(90): warning C4996: 'gets': This function or variable may be unsafe. Consider using gets_s instead. To disable deprecation, use _CRT_SECURE_NO_WARNINGS. See online help for details.
                 d:\vs2010\new\vc\include\stdio.h(277) : 参见“gets”的声明
     1>f:\编程\vs2010程序设计\16-17下\final_work\final_work\final_work.cpp(92): warning C4996: 'gets': This function or variable may be unsafe. Consider using gets_s instead. To disable deprecation, use _CRT_SECURE_NO_WARNINGS. See online help for details.
                 d:\vs2010\new\vc\include\stdio.h(277) : 参见“gets”的声明
     1>f:\编程\vs2010程序设计\16-17下\final_work\final_work\final_work.cpp(104): warning C4996: 'scanf': This function or variable may be unsafe. Consider using scanf_s instead. To disable deprecation, use _CRT_SECURE_NO_WARNINGS. See online help for details.
                 d:\vs2010\new\vc\include\stdio.h(304) : 参见“scanf”的声明
     1>f:\编程\vs2010程序设计\16-17下\final_work\final_work\final_work.cpp(110): warning C4996: 'scanf': This function or variable may be unsafe. Consider using scanf_s instead. To disable deprecation, use _CRT_SECURE_NO_WARNINGS. See online help for details.
                 d:\vs2010\new\vc\include\stdio.h(304) : 参见“scanf”的声明
     1>f:\编程\vs2010程序设计\16-17下\final_work\final_work\final_work.cpp(142): warning C4996: 'gets': This function or variable may be unsafe. Consider using gets_s instead. To disable deprecation, use _CRT_SECURE_NO_WARNINGS. See online help for details.
                 d:\vs2010\new\vc\include\stdio.h(277) : 参见“gets”的声明
     1>f:\编程\vs2010程序设计\16-17下\final_work\final_work\final_work.cpp(144): warning C4996: 'gets': This function or variable may be unsafe. Consider using gets_s instead. To disable deprecation, use _CRT_SECURE_NO_WARNINGS. See online help for details.
                 d:\vs2010\new\vc\include\stdio.h(277) : 参见“gets”的声明
     1>f:\编程\vs2010程序设计\16-17下\final_work\final_work\final_work.cpp(146): warning C4996: 'gets': This function or variable may be unsafe. Consider using gets_s instead. To disable deprecation, use _CRT_SECURE_NO_WARNINGS. See online help for details.
                 d:\vs2010\new\vc\include\stdio.h(277) : 参见“gets”的声明
     1>f:\编程\vs2010程序设计\16-17下\final_work\final_work\final_work.cpp(148): warning C4996: 'gets': This function or variable may be unsafe. Consider using gets_s instead. To disable deprecation, use _CRT_SECURE_NO_WARNINGS. See online help for details.
                 d:\vs2010\new\vc\include\stdio.h(277) : 参见“gets”的声明
     1>f:\编程\vs2010程序设计\16-17下\final_work\final_work\final_work.cpp(155): warning C4996: 'scanf': This function or variable may be unsafe. Consider using scanf_s instead. To disable deprecation, use _CRT_SECURE_NO_WARNINGS. See online help for details.
                 d:\vs2010\new\vc\include\stdio.h(304) : 参见“scanf”的声明
     1>f:\编程\vs2010程序设计\16-17下\final_work\final_work\final_work.cpp(125): warning C4101: “Input”: 未引用的局部变量
     1>f:\编程\vs2010程序设计\16-17下\final_work\final_work\final_work.cpp(227): error C2275: “producer”: 将此类型用作表达式非法
                 f:\编程\vs2010程序设计\16-17下\final_work\final_work\final_work.cpp(23) : 参见“producer”的声明
     1>已完成生成项目“F:\编程\vs2010程序设计\16-17下\Final_Work\Final_Work\Final_Work.vcxproj”(build 个目标)的操作 - 失败。

生成失败。

已用时间 00:00:00.35
