生成启动时间为 2016/1/2 20:18:35。
     1>项目“F:\vs2010程序设计\15-16寒假\数据结构\newyear_day1\newyear_day1\newyear_day1.vcxproj”在节点 2 上(build 个目标)。
     1>InitializeBuildStatus:
         正在创建“Debug\newyear_day1.unsuccessfulbuild”，因为已指定“AlwaysCreate”。
       ClCompile:
         所有输出均为最新。
         d:\vs2010\vs2010\VC\bin\CL.exe /c /ZI /nologo /W3 /WX- /Od /Oy- /D WIN32 /D _DEBUG /D _CONSOLE /D _UNICODE /D UNICODE /Gm /EHsc /RTC1 /MDd /GS /fp:precise /Zc:wchar_t /Zc:forScope /Yu"StdAfx.h" /Fp"Debug\newyear_day1.pch" /Fo"Debug\\" /Fd"Debug\vc100.pdb" /Gd /TP /analyze- /errorReport:prompt newyear_day1.cpp
         newyear_day1.cpp
     1>f:\vs2010程序设计\15-16寒假\数据结构\newyear_day1\newyear_day1\newyear_day1.cpp(25): warning C4996: 'scanf': This function or variable may be unsafe. Consider using scanf_s instead. To disable deprecation, use _CRT_SECURE_NO_WARNINGS. See online help for details.
                 d:\vs2010\vs2010\vc\include\stdio.h(304) : 参见“scanf”的声明
     1>f:\vs2010程序设计\15-16寒假\数据结构\newyear_day1\newyear_day1\newyear_day1.cpp(30): warning C4996: 'scanf': This function or variable may be unsafe. Consider using scanf_s instead. To disable deprecation, use _CRT_SECURE_NO_WARNINGS. See online help for details.
                 d:\vs2010\vs2010\vc\include\stdio.h(304) : 参见“scanf”的声明
     1>f:\vs2010程序设计\15-16寒假\数据结构\newyear_day1\newyear_day1\newyear_day1.cpp(58): warning C4101: “k”: 未引用的局部变量
     1>f:\vs2010程序设计\15-16寒假\数据结构\newyear_day1\newyear_day1\newyear_day1.cpp(85): warning C4101: “x”: 未引用的局部变量
       ManifestResourceCompile:
         所有输出均为最新。
       Link:
         d:\vs2010\vs2010\VC\bin\link.exe /ERRORREPORT:PROMPT /OUT:"F:\vs2010程序设计\15-16寒假\数据结构\newyear_day1\Debug\newyear_day1.exe" /INCREMENTAL /NOLOGO kernel32.lib user32.lib gdi32.lib winspool.lib comdlg32.lib advapi32.lib shell32.lib ole32.lib oleaut32.lib uuid.lib odbc32.lib odbccp32.lib /MANIFEST /ManifestFile:"Debug\newyear_day1.exe.intermediate.manifest" /MANIFESTUAC:"level='asInvoker' uiAccess='false'" /DEBUG /PDB:"F:\vs2010程序设计\15-16寒假\数据结构\newyear_day1\Debug\newyear_day1.pdb" /SUBSYSTEM:CONSOLE /TLBID:1 /DYNAMICBASE /NXCOMPAT /IMPLIB:"F:\vs2010程序设计\15-16寒假\数据结构\newyear_day1\Debug\newyear_day1.lib" /MACHINE:X86 Debug\newyear_day1.exe.embed.manifest.res
         Debug\newyear_day1.obj
         Debug\stdafx.obj
       Manifest:
         C:\Program Files (x86)\Microsoft SDKs\Windows\v7.0A\bin\mt.exe /nologo /verbose /out:"Debug\newyear_day1.exe.embed.manifest" /manifest Debug\newyear_day1.exe.intermediate.manifest
         所有输出均为最新。
       LinkEmbedManifest:
         所有输出均为最新。
         newyear_day1.vcxproj -> F:\vs2010程序设计\15-16寒假\数据结构\newyear_day1\Debug\newyear_day1.exe
       FinalizeBuildStatus:
         正在删除文件“Debug\newyear_day1.unsuccessfulbuild”。
         正在对“Debug\newyear_day1.lastbuildstate”执行 Touch 任务。
     1>已完成生成项目“F:\vs2010程序设计\15-16寒假\数据结构\newyear_day1\newyear_day1\newyear_day1.vcxproj”(build 个目标)的操作。

生成成功。

已用时间 00:00:00.33
