生成启动时间为 2016/2/17 22:01:22。
     1>项目“F:\vs2010程序设计\15-16寒假\数据结构\单链表删除相同元素\单链表删除相同元素\单链表删除相同元素.vcxproj”在节点 2 上(build 个目标)。
     1>PrepareForBuild:
         正在创建目录“F:\vs2010程序设计\15-16寒假\数据结构\单链表删除相同元素\Debug\”。
       InitializeBuildStatus:
         正在创建“Debug\单链表删除相同元素.unsuccessfulbuild”，因为已指定“AlwaysCreate”。
       ClCompile:
         d:\vs2010\vs2010\VC\bin\CL.exe /c /ZI /nologo /W3 /WX- /Od /Oy- /D WIN32 /D _DEBUG /D _CONSOLE /D _UNICODE /D UNICODE /Gm /EHsc /RTC1 /MDd /GS /fp:precise /Zc:wchar_t /Zc:forScope /Yc"StdAfx.h" /Fp"Debug\单链表删除相同元素.pch" /Fo"Debug\\" /Fd"Debug\vc100.pdb" /Gd /TP /analyze- /errorReport:prompt stdafx.cpp
         stdafx.cpp
         d:\vs2010\vs2010\VC\bin\CL.exe /c /ZI /nologo /W3 /WX- /Od /Oy- /D WIN32 /D _DEBUG /D _CONSOLE /D _UNICODE /D UNICODE /Gm /EHsc /RTC1 /MDd /GS /fp:precise /Zc:wchar_t /Zc:forScope /Yu"StdAfx.h" /Fp"Debug\单链表删除相同元素.pch" /Fo"Debug\\" /Fd"Debug\vc100.pdb" /Gd /TP /analyze- /errorReport:prompt "单链表删除相同元素.cpp"
         单链表删除相同元素.cpp
     1>f:\vs2010程序设计\15-16寒假\数据结构\单链表删除相同元素\单链表删除相同元素\单链表删除相同元素.cpp(20): warning C4996: 'scanf': This function or variable may be unsafe. Consider using scanf_s instead. To disable deprecation, use _CRT_SECURE_NO_WARNINGS. See online help for details.
                 d:\vs2010\vs2010\vc\include\stdio.h(304) : 参见“scanf”的声明
     1>f:\vs2010程序设计\15-16寒假\数据结构\单链表删除相同元素\单链表删除相同元素\单链表删除相同元素.cpp(27): warning C4996: 'scanf': This function or variable may be unsafe. Consider using scanf_s instead. To disable deprecation, use _CRT_SECURE_NO_WARNINGS. See online help for details.
                 d:\vs2010\vs2010\vc\include\stdio.h(304) : 参见“scanf”的声明
       ManifestResourceCompile:
         C:\Program Files (x86)\Microsoft SDKs\Windows\v7.0A\bin\rc.exe /nologo /fo"Debug\单链表删除相同元素.exe.embed.manifest.res" "Debug\单链表删除相同元素_manifest.rc" 
       Link:
         d:\vs2010\vs2010\VC\bin\link.exe /ERRORREPORT:PROMPT /OUT:"F:\vs2010程序设计\15-16寒假\数据结构\单链表删除相同元素\Debug\单链表删除相同元素.exe" /INCREMENTAL /NOLOGO kernel32.lib user32.lib gdi32.lib winspool.lib comdlg32.lib advapi32.lib shell32.lib ole32.lib oleaut32.lib uuid.lib odbc32.lib odbccp32.lib /MANIFEST /ManifestFile:"Debug\单链表删除相同元素.exe.intermediate.manifest" /MANIFESTUAC:"level='asInvoker' uiAccess='false'" /DEBUG /PDB:"F:\vs2010程序设计\15-16寒假\数据结构\单链表删除相同元素\Debug\单链表删除相同元素.pdb" /SUBSYSTEM:CONSOLE /TLBID:1 /DYNAMICBASE /NXCOMPAT /IMPLIB:"F:\vs2010程序设计\15-16寒假\数据结构\单链表删除相同元素\Debug\单链表删除相同元素.lib" /MACHINE:X86 "Debug\单链表删除相同元素.exe.embed.manifest.res"
         Debug\stdafx.obj
         "Debug\单链表删除相同元素.obj"
       Manifest:
         C:\Program Files (x86)\Microsoft SDKs\Windows\v7.0A\bin\mt.exe /nologo /verbose /out:"Debug\单链表删除相同元素.exe.embed.manifest" /manifest "Debug\单链表删除相同元素.exe.intermediate.manifest"
         C:\Program Files (x86)\Microsoft SDKs\Windows\v7.0A\bin\rc.exe /nologo /fo"Debug\单链表删除相同元素.exe.embed.manifest.res" "Debug\单链表删除相同元素_manifest.rc" 
       LinkEmbedManifest:
         d:\vs2010\vs2010\VC\bin\link.exe /ERRORREPORT:PROMPT /OUT:"F:\vs2010程序设计\15-16寒假\数据结构\单链表删除相同元素\Debug\单链表删除相同元素.exe" /INCREMENTAL /NOLOGO kernel32.lib user32.lib gdi32.lib winspool.lib comdlg32.lib advapi32.lib shell32.lib ole32.lib oleaut32.lib uuid.lib odbc32.lib odbccp32.lib /MANIFEST /ManifestFile:"Debug\单链表删除相同元素.exe.intermediate.manifest" /MANIFESTUAC:"level='asInvoker' uiAccess='false'" /DEBUG /PDB:"F:\vs2010程序设计\15-16寒假\数据结构\单链表删除相同元素\Debug\单链表删除相同元素.pdb" /SUBSYSTEM:CONSOLE /TLBID:1 /DYNAMICBASE /NXCOMPAT /IMPLIB:"F:\vs2010程序设计\15-16寒假\数据结构\单链表删除相同元素\Debug\单链表删除相同元素.lib" /MACHINE:X86 "Debug\单链表删除相同元素.exe.embed.manifest.res"
         Debug\stdafx.obj
         "Debug\单链表删除相同元素.obj"
         单链表删除相同元素.vcxproj -> F:\vs2010程序设计\15-16寒假\数据结构\单链表删除相同元素\Debug\单链表删除相同元素.exe
       FinalizeBuildStatus:
         正在删除文件“Debug\单链表删除相同元素.unsuccessfulbuild”。
         正在对“Debug\单链表删除相同元素.lastbuildstate”执行 Touch 任务。
     1>已完成生成项目“F:\vs2010程序设计\15-16寒假\数据结构\单链表删除相同元素\单链表删除相同元素\单链表删除相同元素.vcxproj”(build 个目标)的操作。

生成成功。

已用时间 00:00:02.49
