生成启动时间为 2015/12/4 23:51:19。
     1>项目“F:\vs2010程序设计\15-16学期上\hellowin7\hellowin7\hellowin7.vcxproj”在节点 2 上(build 个目标)。
     1>PrepareForBuild:
         正在创建目录“F:\vs2010程序设计\15-16学期上\hellowin7\Debug\”。
       InitializeBuildStatus:
         正在创建“Debug\hellowin7.unsuccessfulbuild”，因为已指定“AlwaysCreate”。
       ClCompile:
         d:\vs2010\vs2010\VC\bin\CL.exe /c /ZI /nologo /W3 /WX- /Od /Oy- /D WIN32 /D _DEBUG /D _CONSOLE /D _UNICODE /D UNICODE /Gm /EHsc /RTC1 /MDd /GS /fp:precise /Zc:wchar_t /Zc:forScope /Yc"StdAfx.h" /Fp"Debug\hellowin7.pch" /Fo"Debug\\" /Fd"Debug\vc100.pdb" /Gd /TP /analyze- /errorReport:prompt stdafx.cpp
         stdafx.cpp
         d:\vs2010\vs2010\VC\bin\CL.exe /c /ZI /nologo /W3 /WX- /Od /Oy- /D WIN32 /D _DEBUG /D _CONSOLE /D _UNICODE /D UNICODE /Gm /EHsc /RTC1 /MDd /GS /fp:precise /Zc:wchar_t /Zc:forScope /Yu"StdAfx.h" /Fp"Debug\hellowin7.pch" /Fo"Debug\\" /Fd"Debug\vc100.pdb" /Gd /TP /analyze- /errorReport:prompt hellowin7.cpp
         hellowin7.cpp
       ManifestResourceCompile:
         C:\Program Files (x86)\Microsoft SDKs\Windows\v7.0A\bin\rc.exe /nologo /fo"Debug\hellowin7.exe.embed.manifest.res" Debug\hellowin7_manifest.rc 
       Link:
         d:\vs2010\vs2010\VC\bin\link.exe /ERRORREPORT:PROMPT /OUT:"F:\vs2010程序设计\15-16学期上\hellowin7\Debug\hellowin7.exe" /INCREMENTAL /NOLOGO kernel32.lib user32.lib gdi32.lib winspool.lib comdlg32.lib advapi32.lib shell32.lib ole32.lib oleaut32.lib uuid.lib odbc32.lib odbccp32.lib /MANIFEST /ManifestFile:"Debug\hellowin7.exe.intermediate.manifest" /MANIFESTUAC:"level='asInvoker' uiAccess='false'" /DEBUG /PDB:"F:\vs2010程序设计\15-16学期上\hellowin7\Debug\hellowin7.pdb" /SUBSYSTEM:CONSOLE /TLBID:1 /DYNAMICBASE /NXCOMPAT /IMPLIB:"F:\vs2010程序设计\15-16学期上\hellowin7\Debug\hellowin7.lib" /MACHINE:X86 Debug\hellowin7.exe.embed.manifest.res
         Debug\hellowin7.obj
         Debug\stdafx.obj
       Manifest:
         C:\Program Files (x86)\Microsoft SDKs\Windows\v7.0A\bin\mt.exe /nologo /verbose /out:"Debug\hellowin7.exe.embed.manifest" /manifest Debug\hellowin7.exe.intermediate.manifest
         C:\Program Files (x86)\Microsoft SDKs\Windows\v7.0A\bin\rc.exe /nologo /fo"Debug\hellowin7.exe.embed.manifest.res" Debug\hellowin7_manifest.rc 
       LinkEmbedManifest:
         d:\vs2010\vs2010\VC\bin\link.exe /ERRORREPORT:PROMPT /OUT:"F:\vs2010程序设计\15-16学期上\hellowin7\Debug\hellowin7.exe" /INCREMENTAL /NOLOGO kernel32.lib user32.lib gdi32.lib winspool.lib comdlg32.lib advapi32.lib shell32.lib ole32.lib oleaut32.lib uuid.lib odbc32.lib odbccp32.lib /MANIFEST /ManifestFile:"Debug\hellowin7.exe.intermediate.manifest" /MANIFESTUAC:"level='asInvoker' uiAccess='false'" /DEBUG /PDB:"F:\vs2010程序设计\15-16学期上\hellowin7\Debug\hellowin7.pdb" /SUBSYSTEM:CONSOLE /TLBID:1 /DYNAMICBASE /NXCOMPAT /IMPLIB:"F:\vs2010程序设计\15-16学期上\hellowin7\Debug\hellowin7.lib" /MACHINE:X86 Debug\hellowin7.exe.embed.manifest.res
         Debug\hellowin7.obj
         Debug\stdafx.obj
         hellowin7.vcxproj -> F:\vs2010程序设计\15-16学期上\hellowin7\Debug\hellowin7.exe
       FinalizeBuildStatus:
         正在删除文件“Debug\hellowin7.unsuccessfulbuild”。
         正在对“Debug\hellowin7.lastbuildstate”执行 Touch 任务。
     1>已完成生成项目“F:\vs2010程序设计\15-16学期上\hellowin7\hellowin7\hellowin7.vcxproj”(build 个目标)的操作。

生成成功。

已用时间 00:00:05.58
