F:\VS2010程序设计\15-16学期下\专业课\源代码\MY_CLIENT\DEBUG\MY_CLIENT.EXE
F:\VS2010程序设计\15-16学期下\专业课\源代码\MY_CLIENT\DEBUG\MY_CLIENT.ILK
F:\VS2010程序设计\15-16学期下\专业课\源代码\MY_CLIENT\DEBUG\MY_CLIENT.PDB
F:\vs2010程序设计\15-16学期下\专业课\源代码\My_client\My_client\Debug\cl.command.1.tlog
F:\vs2010程序设计\15-16学期下\专业课\源代码\My_client\My_client\Debug\CL.read.1.tlog
F:\vs2010程序设计\15-16学期下\专业课\源代码\My_client\My_client\Debug\CL.write.1.tlog
F:\vs2010程序设计\15-16学期下\专业课\源代码\My_client\My_client\Debug\link.5500.read.1.tlog
F:\vs2010程序设计\15-16学期下\专业课\源代码\My_client\My_client\Debug\link.5500.write.1.tlog
F:\vs2010程序设计\15-16学期下\专业课\源代码\My_client\My_client\Debug\link.5500-cvtres.read.1.tlog
F:\vs2010程序设计\15-16学期下\专业课\源代码\My_client\My_client\Debug\link.5500-cvtres.write.1.tlog
F:\vs2010程序设计\15-16学期下\专业课\源代码\My_client\My_client\Debug\link.command.1.tlog
F:\vs2010程序设计\15-16学期下\专业课\源代码\My_client\My_client\Debug\link.read.1.tlog
F:\vs2010程序设计\15-16学期下\专业课\源代码\My_client\My_client\Debug\link.write.1.tlog
F:\vs2010程序设计\15-16学期下\专业课\源代码\My_client\My_client\Debug\link-cvtres.read.1.tlog
F:\vs2010程序设计\15-16学期下\专业课\源代码\My_client\My_client\Debug\link-cvtres.write.1.tlog
F:\vs2010程序设计\15-16学期下\专业课\源代码\My_client\My_client\Debug\mt.command.1.tlog
F:\vs2010程序设计\15-16学期下\专业课\源代码\My_client\My_client\Debug\mt.read.1.tlog
F:\vs2010程序设计\15-16学期下\专业课\源代码\My_client\My_client\Debug\mt.write.1.tlog
F:\VS2010程序设计\15-16学期下\专业课\源代码\MY_CLIENT\MY_CLIENT\DEBUG\MY_CLIENT.EXE.EMBED.MANIFEST
F:\VS2010程序设计\15-16学期下\专业课\源代码\MY_CLIENT\MY_CLIENT\DEBUG\MY_CLIENT.EXE.EMBED.MANIFEST.RES
F:\VS2010程序设计\15-16学期下\专业课\源代码\MY_CLIENT\MY_CLIENT\DEBUG\MY_CLIENT.EXE.INTERMEDIATE.MANIFEST
F:\VS2010程序设计\15-16学期下\专业课\源代码\MY_CLIENT\MY_CLIENT\DEBUG\MY_CLIENT.OBJ
F:\VS2010程序设计\15-16学期下\专业课\源代码\MY_CLIENT\MY_CLIENT\DEBUG\MY_CLIENT.PCH
F:\vs2010程序设计\15-16学期下\专业课\源代码\My_client\My_client\Debug\My_client_manifest.rc
F:\vs2010程序设计\15-16学期下\专业课\源代码\My_client\My_client\Debug\rc.command.1.tlog
F:\vs2010程序设计\15-16学期下\专业课\源代码\My_client\My_client\Debug\rc.read.1.tlog
F:\vs2010程序设计\15-16学期下\专业课\源代码\My_client\My_client\Debug\rc.write.1.tlog
F:\VS2010程序设计\15-16学期下\专业课\源代码\MY_CLIENT\MY_CLIENT\DEBUG\STDAFX.OBJ
F:\vs2010程序设计\15-16学期下\专业课\源代码\My_client\My_client\Debug\vc100.idb
F:\VS2010程序设计\15-16学期下\专业课\源代码\MY_CLIENT\MY_CLIENT\DEBUG\VC100.PDB
