生成启动时间为 2016/4/5 20:04:40。
     1>项目“F:\vs2010程序设计\15-16学期下\专业课\源代码\My_client\My_client\My_client.vcxproj”在节点 2 上(build 个目标)。
     1>InitializeBuildStatus:
         正在创建“Debug\My_client.unsuccessfulbuild”，因为已指定“AlwaysCreate”。
       ClCompile:
         所有输出均为最新。
         d:\vs2010\vs2010\VC\bin\CL.exe /c /ZI /nologo /W3 /WX- /Od /Oy- /D WIN32 /D _DEBUG /D _CONSOLE /D _UNICODE /D UNICODE /Gm /EHsc /RTC1 /MDd /GS /fp:precise /Zc:wchar_t /Zc:forScope /Yu"StdAfx.h" /Fp"Debug\My_client.pch" /Fo"Debug\\" /Fd"Debug\vc100.pdb" /Gd /TP /analyze- /errorReport:prompt My_client.cpp
         My_client.cpp
       ManifestResourceCompile:
         所有输出均为最新。
       Link:
         d:\vs2010\vs2010\VC\bin\link.exe /ERRORREPORT:PROMPT /OUT:"F:\vs2010程序设计\15-16学期下\专业课\源代码\My_client\Debug\My_client.exe" /INCREMENTAL /NOLOGO kernel32.lib user32.lib gdi32.lib winspool.lib comdlg32.lib advapi32.lib shell32.lib ole32.lib oleaut32.lib uuid.lib odbc32.lib odbccp32.lib /MANIFEST /ManifestFile:"Debug\My_client.exe.intermediate.manifest" /MANIFESTUAC:"level='asInvoker' uiAccess='false'" /DEBUG /PDB:"F:\vs2010程序设计\15-16学期下\专业课\源代码\My_client\Debug\My_client.pdb" /SUBSYSTEM:CONSOLE /TLBID:1 /DYNAMICBASE /NXCOMPAT /IMPLIB:"F:\vs2010程序设计\15-16学期下\专业课\源代码\My_client\Debug\My_client.lib" /MACHINE:X86 Debug\My_client.exe.embed.manifest.res
         Debug\My_client.obj
         Debug\stdafx.obj
       Manifest:
         C:\Program Files (x86)\Microsoft SDKs\Windows\v7.0A\bin\mt.exe /nologo /verbose /out:"Debug\My_client.exe.embed.manifest" /manifest Debug\My_client.exe.intermediate.manifest
         所有输出均为最新。
       LinkEmbedManifest:
         所有输出均为最新。
         My_client.vcxproj -> F:\vs2010程序设计\15-16学期下\专业课\源代码\My_client\Debug\My_client.exe
       FinalizeBuildStatus:
         正在删除文件“Debug\My_client.unsuccessfulbuild”。
         正在对“Debug\My_client.lastbuildstate”执行 Touch 任务。
     1>已完成生成项目“F:\vs2010程序设计\15-16学期下\专业课\源代码\My_client\My_client\My_client.vcxproj”(build 个目标)的操作。

生成成功。

已用时间 00:00:02.08
